<<<<<<< HEAD
﻿La génération a démarré 06/10/2015 17:04:08.
     1>Projet "C:\Users\tcoutaz\Documents\GitHub\TP_Gilles\TP_01\TP_01.vcxproj" sur le nœud 2 (Build cible(s)).
=======
﻿La génération a démarré 10/6/2015 8:01:56 PM.
     1>Projet "C:\Users\dff\Documents\GitHubDEPOT\TP_Gilles\TP_01\TP_01.vcxproj" sur le nœud 2 (Build cible(s)).
>>>>>>> origin/master
     1>ClCompile:
         C:\Program Files (x86)\Microsoft Visual Studio 11.0\VC\bin\CL.exe /c /ZI /nologo /W3 /WX- /sdl /Od /Oy- /D _MBCS /Gm /EHsc /RTC1 /MDd /GS /fp:precise /Zc:wchar_t /Zc:forScope /Fo"Debug\\" /Fd"Debug\vc110.pdb" /Gd /TP /analyze- /errorReport:prompt Hello.cpp
         Hello.cpp
       Link:
         C:\Program Files (x86)\Microsoft Visual Studio 11.0\VC\bin\link.exe /ERRORREPORT:PROMPT /OUT:"C:\Users\dff\Documents\GitHubDEPOT\TP_Gilles\Debug\TP_01.exe" /INCREMENTAL /NOLOGO glut32.lib kernel32.lib user32.lib gdi32.lib winspool.lib comdlg32.lib advapi32.lib shell32.lib ole32.lib oleaut32.lib uuid.lib odbc32.lib odbccp32.lib /MANIFEST /MANIFESTUAC:"level='asInvoker' uiAccess='false'" /manifest:embed /DEBUG /PDB:"C:\Users\dff\Documents\GitHubDEPOT\TP_Gilles\Debug\TP_01.pdb" /TLBID:1 /DYNAMICBASE /NXCOMPAT /IMPLIB:"C:\Users\dff\Documents\GitHubDEPOT\TP_Gilles\Debug\TP_01.lib" /MACHINE:X86 Debug\Hello.obj
         TP_01.vcxproj -> C:\Users\dff\Documents\GitHubDEPOT\TP_Gilles\Debug\TP_01.exe
     1>Génération du projet "C:\Users\dff\Documents\GitHubDEPOT\TP_Gilles\TP_01\TP_01.vcxproj" terminée (Build cible(s)).

La génération a réussi.

<<<<<<< HEAD
Temps écoulé 00:00:00.37
=======
Temps écoulé 00:00:00.76
>>>>>>> origin/master
